<?xml version="1.0" encoding="UTF-8"?>
<!-- Generated by org.testng.reporters.JUnitXMLReporter -->
<testsuite ignored="1" hostname="ZGC-20200913RTR" failures="0" tests="1" name="Default test" time="52.603" errors="0" timestamp="2020-11-20T23:45:58 NZDT">
  <testcase classname="testcases.Tests" name="userShouldBeAbleToCompareTwoProducts" time="42.21"/>
  <testcase classname="testcases.Tests" name="productAddedToCartShouldNotBeMoreThanTheAvailableAmount" time="0.0">
    <ignored/>
  </testcase> <!-- productAddedToCartShouldNotBeMoreThanTheAvailableAmount -->
</testsuite> <!-- Default test -->
