<?xml version="1.0" encoding="UTF-8"?>
<testng-results ignored="1" total="2" passed="1" failed="0" skipped="0">
  <reporter-output>
  </reporter-output>
  <suite started-at="2020-11-20T23:45:05 NZDT" name="Default suite" finished-at="2020-11-20T23:45:58 NZDT" duration-ms="52603">
    <groups>
    </groups>
    <test started-at="2020-11-20T23:45:05 NZDT" name="Default test" finished-at="2020-11-20T23:45:58 NZDT" duration-ms="52603">
      <class name="testcases.Tests">
        <test-method is-config="true" signature="setUp()[pri:0, instance:testcases.Tests@13b13b5d]" started-at="2020-11-20T23:45:05 NZDT" name="setUp" finished-at="2020-11-20T23:45:13 NZDT" duration-ms="7533" status="PASS">
          <reporter-output>
          </reporter-output>
        </test-method> <!-- setUp -->
        <test-method signature="userShouldBeAbleToCompareTwoProducts()[pri:0, instance:testcases.Tests@13b13b5d]" started-at="2020-11-20T23:45:13 NZDT" name="userShouldBeAbleToCompareTwoProducts" finished-at="2020-11-20T23:45:55 NZDT" duration-ms="42210" status="PASS">
          <reporter-output>
          </reporter-output>
        </test-method> <!-- userShouldBeAbleToCompareTwoProducts -->
        <test-method is-config="true" signature="tearDown()[pri:0, instance:testcases.Tests@13b13b5d]" started-at="2020-11-20T23:45:55 NZDT" name="tearDown" finished-at="2020-11-20T23:45:58 NZDT" duration-ms="2780" status="PASS">
          <reporter-output>
          </reporter-output>
        </test-method> <!-- tearDown -->
      </class> <!-- testcases.Tests -->
    </test> <!-- Default test -->
  </suite> <!-- Default suite -->
</testng-results>
